# JRE version: OpenJDK Runtime Environment (8.0_191-b12) (build 1.8.0_191-8u191-b12-2ubuntu0.18.10.1-b12)
# Java VM: OpenJDK 64-Bit Server VM (25.191-b12 mixed mode linux-amd64 compressed oops)
Heap:
 PSYoungGen      total 358400K, used 284675K [0x00000000d7200000, 0x00000000f1a00000, 0x0000000100000000)
  eden space 343552K, 82% used [0x00000000d7200000,0x00000000e8800d60,0x00000000ec180000)
  from space 14848K, 0% used [0x00000000ec180000,0x00000000ec180000,0x00000000ed000000)
  to   space 15360K, 0% used [0x00000000f0b00000,0x00000000f0b00000,0x00000000f1a00000)
 ParOldGen       total 115200K, used 27418K [0x0000000085600000, 0x000000008c680000, 0x00000000d7200000)
  object space 115200K, 23% used [0x0000000085600000,0x00000000870c6a88,0x000000008c680000)
 Metaspace       used 36548K, capacity 44271K, committed 44584K, reserved 1083392K
  class space    used 8040K, capacity 10684K, committed 10800K, reserved 1048576K
GC Heap History (10 events):
Event: 4,820 GC heap before
{Heap before GC invocations=7 (full 1):
 PSYoungGen      total 263680K, used 11753K [0x00000000d7200000, 0x00000000e8500000, 0x0000000100000000)
  eden space 251904K, 0% used [0x00000000d7200000,0x00000000d7200000,0x00000000e6800000)
  from space 11776K, 99% used [0x00000000e7580000,0x00000000e80fa7d8,0x00000000e8100000)
  to   space 13824K, 0% used [0x00000000e6800000,0x00000000e6800000,0x00000000e7580000)
 ParOldGen       total 84992K, used 9469K [0x0000000085600000, 0x000000008a900000, 0x00000000d7200000)
  object space 84992K, 11% used [0x0000000085600000,0x0000000085f3f7d0,0x000000008a900000)
 Metaspace       used 18667K, capacity 21162K, committed 21296K, reserved 1064960K
  class space    used 4199K, capacity 5167K, committed 5168K, reserved 1048576K
Event: 4,951 GC heap after
Heap after GC invocations=7 (full 1):
 PSYoungGen      total 263680K, used 0K [0x00000000d7200000, 0x00000000e8500000, 0x0000000100000000)
  eden space 251904K, 0% used [0x00000000d7200000,0x00000000d7200000,0x00000000e6800000)
  from space 11776K, 0% used [0x00000000e7580000,0x00000000e7580000,0x00000000e8100000)
  to   space 13824K, 0% used [0x00000000e6800000,0x00000000e6800000,0x00000000e7580000)
 ParOldGen       total 72704K, used 16857K [0x0000000085600000, 0x0000000089d00000, 0x00000000d7200000)
  object space 72704K, 23% used [0x0000000085600000,0x00000000866767f8,0x0000000089d00000)
 Metaspace       used 18667K, capacity 21162K, committed 21296K, reserved 1064960K
  class space    used 4199K, capacity 5167K, committed 5168K, reserved 1048576K
}
Event: 7,864 GC heap before
{Heap before GC invocations=8 (full 1):
 PSYoungGen      total 263680K, used 251904K [0x00000000d7200000, 0x00000000e8500000, 0x0000000100000000)
  eden space 251904K, 100% used [0x00000000d7200000,0x00000000e6800000,0x00000000e6800000)
  from space 11776K, 0% used [0x00000000e7580000,0x00000000e7580000,0x00000000e8100000)
  to   space 13824K, 0% used [0x00000000e6800000,0x00000000e6800000,0x00000000e7580000)
 ParOldGen       total 72704K, used 16857K [0x0000000085600000, 0x0000000089d00000, 0x00000000d7200000)
  object space 72704K, 23% used [0x0000000085600000,0x00000000866767f8,0x0000000089d00000)
 Metaspace       used 24570K, capacity 28758K, committed 28976K, reserved 1071104K
  class space    used 5832K, capacity 7375K, committed 7472K, reserved 1048576K
Event: 7,881 GC heap after
Heap after GC invocations=8 (full 1):
 PSYoungGen      total 265728K, used 9199K [0x00000000d7200000, 0x00000000ee000000, 0x0000000100000000)
  eden space 251904K, 0% used [0x00000000d7200000,0x00000000d7200000,0x00000000e6800000)
  from space 13824K, 66% used [0x00000000e6800000,0x00000000e70fbc00,0x00000000e7580000)
  to   space 13824K, 0% used [0x00000000ed280000,0x00000000ed280000,0x00000000ee000000)
 ParOldGen       total 72704K, used 16865K [0x0000000085600000, 0x0000000089d00000, 0x00000000d7200000)
  object space 72704K, 23% used [0x0000000085600000,0x00000000866787f8,0x0000000089d00000)
 Metaspace       used 24570K, capacity 28758K, committed 28976K, reserved 1071104K
  class space    used 5832K, capacity 7375K, committed 7472K, reserved 1048576K
}
Event: 9,754 GC heap before
{Heap before GC invocations=9 (full 1):
 PSYoungGen      total 265728K, used 261103K [0x00000000d7200000, 0x00000000ee000000, 0x0000000100000000)
  eden space 251904K, 100% used [0x00000000d7200000,0x00000000e6800000,0x00000000e6800000)
  from space 13824K, 66% used [0x00000000e6800000,0x00000000e70fbc00,0x00000000e7580000)
  to   space 13824K, 0% used [0x00000000ed280000,0x00000000ed280000,0x00000000ee000000)
 ParOldGen       total 72704K, used 16865K [0x0000000085600000, 0x0000000089d00000, 0x00000000d7200000)
  object space 72704K, 23% used [0x0000000085600000,0x00000000866787f8,0x0000000089d00000)
 Metaspace       used 27499K, capacity 33438K, committed 33584K, reserved 1075200K
  class space    used 6710K, capacity 8731K, committed 8752K, reserved 1048576K
Event: 9,770 GC heap after
Heap after GC invocations=9 (full 1):
 PSYoungGen      total 352256K, used 11903K [0x00000000d7200000, 0x00000000ede80000, 0x0000000100000000)
  eden space 339968K, 0% used [0x00000000d7200000,0x00000000d7200000,0x00000000ebe00000)
  from space 12288K, 96% used [0x00000000ed280000,0x00000000ede1fff0,0x00000000ede80000)
  to   space 14848K, 0% used [0x00000000ec180000,0x00000000ec180000,0x00000000ed000000)
 ParOldGen       total 72704K, used 16873K [0x0000000085600000, 0x0000000089d00000, 0x00000000d7200000)
  object space 72704K, 23% used [0x0000000085600000,0x000000008667a7f8,0x0000000089d00000)
 Metaspace       used 27499K, capacity 33438K, committed 33584K, reserved 1075200K
  class space    used 6710K, capacity 8731K, committed 8752K, reserved 1048576K
}
Event: 14,159 GC heap before
{Heap before GC invocations=10 (full 1):
 PSYoungGen      total 352256K, used 107207K [0x00000000d7200000, 0x00000000ede80000, 0x0000000100000000)
  eden space 339968K, 28% used [0x00000000d7200000,0x00000000dcf11e38,0x00000000ebe00000)
  from space 12288K, 96% used [0x00000000ed280000,0x00000000ede1fff0,0x00000000ede80000)
  to   space 14848K, 0% used [0x00000000ec180000,0x00000000ec180000,0x00000000ed000000)
 ParOldGen       total 72704K, used 16873K [0x0000000085600000, 0x0000000089d00000, 0x00000000d7200000)
  object space 72704K, 23% used [0x0000000085600000,0x000000008667a7f8,0x0000000089d00000)
 Metaspace       used 28645K, capacity 35250K, committed 35496K, reserved 1075200K
  class space    used 7101K, capacity 9391K, committed 9392K, reserved 1048576K
Event: 14,182 GC heap after
Heap after GC invocations=10 (full 1):
 PSYoungGen      total 358400K, used 11128K [0x00000000d7200000, 0x00000000f1a00000, 0x0000000100000000)
  eden space 343552K, 0% used [0x00000000d7200000,0x00000000d7200000,0x00000000ec180000)
  from space 14848K, 74% used [0x00000000ec180000,0x00000000ecc5e0f8,0x00000000ed000000)
  to   space 15360K, 0% used [0x00000000f0b00000,0x00000000f0b00000,0x00000000f1a00000)
 ParOldGen       total 72704K, used 16873K [0x0000000085600000, 0x0000000089d00000, 0x00000000d7200000)
  object space 72704K, 23% used [0x0000000085600000,0x000000008667a7f8,0x0000000089d00000)
 Metaspace       used 28645K, capacity 35250K, committed 35496K, reserved 1075200K
  class space    used 7101K, capacity 9391K, committed 9392K, reserved 1048576K
}
Event: 14,182 GC heap before
{Heap before GC invocations=11 (full 2):
 PSYoungGen      total 358400K, used 11128K [0x00000000d7200000, 0x00000000f1a00000, 0x0000000100000000)
  eden space 343552K, 0% used [0x00000000d7200000,0x00000000d7200000,0x00000000ec180000)
  from space 14848K, 74% used [0x00000000ec180000,0x00000000ecc5e0f8,0x00000000ed000000)
  to   space 15360K, 0% used [0x00000000f0b00000,0x00000000f0b00000,0x00000000f1a00000)
 ParOldGen       total 72704K, used 16873K [0x0000000085600000, 0x0000000089d00000, 0x00000000d7200000)
  object space 72704K, 23% used [0x0000000085600000,0x000000008667a7f8,0x0000000089d00000)
 Metaspace       used 28645K, capacity 35250K, committed 35496K, reserved 1075200K
  class space    used 7101K, capacity 9391K, committed 9392K, reserved 1048576K
Event: 14,334 GC heap after
Heap after GC invocations=11 (full 2):
 PSYoungGen      total 358400K, used 0K [0x00000000d7200000, 0x00000000f1a00000, 0x0000000100000000)
  eden space 343552K, 0% used [0x00000000d7200000,0x00000000d7200000,0x00000000ec180000)
  from space 14848K, 0% used [0x00000000ec180000,0x00000000ec180000,0x00000000ed000000)
  to   space 15360K, 0% used [0x00000000f0b00000,0x00000000f0b00000,0x00000000f1a00000)
 ParOldGen       total 115200K, used 27418K [0x0000000085600000, 0x000000008c680000, 0x00000000d7200000)
  object space 115200K, 23% used [0x0000000085600000,0x00000000870c6a88,0x000000008c680000)
 Metaspace       used 28623K, capacity 35216K, committed 35496K, reserved 1075200K
  class space    used 7095K, capacity 9381K, committed 9392K, reserved 1048576K
}

